distinct users:28843 number of edges:272786
END reading graph (../data/flixster_IC_heterogeneous.txt).
any possible selection does not improve the objective function
main_iterations is: 10
--> seed  9  is selected in the second campaign and balances 0 vertices on average
--> seed  2468  is selected in the first campaign and balances 38.783 vertices on average
--> seed  446  is selected in the second campaign and balances 18.455 vertices on average
--> seed  2782  is selected in the second campaign and balances 202.509 vertices on average
--> seed  7131  is selected in the first campaign and balances 368.903 vertices on average
--> seed  2654  is selected in the second campaign and balances 216.829 vertices on average
--> seed  1140  is selected in the first campaign and balances 282.148 vertices on average
--> seed  8175  is selected in the second campaign and balances 202.561 vertices on average
--> seed  4970  is selected in the first campaign and balances 241.81 vertices on average
--> seed  5774  is selected in the second campaign and balances 184.358 vertices on average
--> seed  4474  is selected in the first campaign and balances 208.288 vertices on average
--> seed  6755  is selected in the second campaign and balances 171.003 vertices on average
--> seed  1282  is selected in the first campaign and balances 193.134 vertices on average
--> seed  850  is selected in the second campaign and balances 156.449 vertices on average
--> seed  9264  is selected in the first campaign and balances 168.649 vertices on average
--> seed  1900  is selected in the second campaign and balances 135.212 vertices on average
--> seed  5698  is selected in the second campaign and balances 143.698 vertices on average
--> seed  12243  is selected in the first campaign and balances 149.06 vertices on average
--> seed  627  is selected in the second campaign and balances 134.989 vertices on average
--> seed  13869  is selected in the first campaign and balances 140.246 vertices on average
--> seed  3799  is selected in the second campaign and balances 124.37 vertices on average
--> seed  8159  is selected in the first campaign and balances 129.138 vertices on average
--> seed  2067  is selected in the second campaign and balances 116.524 vertices on average
--> seed  605  is selected in the first campaign and balances 120.054 vertices on average
--> seed  5748  is selected in the second campaign and balances 111.73 vertices on average
--> seed  6833  is selected in the first campaign and balances 113.452 vertices on average
--> seed  471  is selected in the second campaign and balances 103.372 vertices on average
--> seed  23392  is selected in the first campaign and balances 107.477 vertices on average
--> seed  10221  is selected in the second campaign and balances 95.412 vertices on average
--> seed  11812  is selected in the first campaign and balances 97.848 vertices on average
--> seed  6442  is selected in the second campaign and balances 92.013 vertices on average
--> seed  192  is selected in the first campaign and balances 93.599 vertices on average
--> seed  1439  is selected in the second campaign and balances 87.436 vertices on average
--> seed  11288  is selected in the first campaign and balances 88.984 vertices on average
--> seed  116  is selected in the second campaign and balances 84.312 vertices on average
--> seed  16396  is selected in the first campaign and balances 85.544 vertices on average
--> seed  1901  is selected in the first campaign and balances 82.874 vertices on average
--> seed  2558  is selected in the second campaign and balances 77.492 vertices on average
--> seed  14902  is selected in the first campaign and balances 79.354 vertices on average
--> seed  817  is selected in the second campaign and balances 73.746 vertices on average
--> seed  2808  is selected in the first campaign and balances 77.62 vertices on average
--> seed  285  is selected in the second campaign and balances 71.813 vertices on average
--> seed  8292  is selected in the first campaign and balances 72.557 vertices on average
--> seed  3123  is selected in the second campaign and balances 66.576 vertices on average
--> seed  4427  is selected in the first campaign and balances 68.462 vertices on average
--> seed  432  is selected in the second campaign and balances 59.634 vertices on average
--> seed  3115  is selected in the second campaign and balances 61.224 vertices on average
--> seed  128  is selected in the first campaign and balances 62.543 vertices on average
--> seed  1507  is selected in the second campaign and balances 59.601 vertices on average
--> seed  10545  is selected in the first campaign and balances 60.55 vertices on average
total memory 32.210938
totaltime 1044.333891
--> seed  1393  is selected in the second campaign and balances 56.938 vertices on average
--> seed  6168  is selected in the first campaign and balances 57.463 vertices on average
--> seed  1008  is selected in the first campaign and balances 55.8 vertices on average
--> seed  17802  is selected in the second campaign and balances 52.653 vertices on average
--> seed  2594  is selected in the first campaign and balances 53.135 vertices on average
--> seed  2919  is selected in the second campaign and balances 51.818 vertices on average
--> seed  4187  is selected in the first campaign and balances 52.335 vertices on average
--> seed  1860  is selected in the second campaign and balances 50.229 vertices on average
--> seed  1981  is selected in the first campaign and balances 50.764 vertices on average
--> seed  4009  is selected in the second campaign and balances 48.193 vertices on average
--> seed  4367  is selected in the first campaign and balances 48.526 vertices on average
--> seed  4366  is selected in the second campaign and balances 44.577 vertices on average
--> seed  3130  is selected in the second campaign and balances 44.93 vertices on average
--> seed  10189  is selected in the second campaign and balances 45.125 vertices on average
--> seed  7195  is selected in the first campaign and balances 45.583 vertices on average
--> seed  2005  is selected in the second campaign and balances 43.686 vertices on average
--> seed  1257  is selected in the second campaign and balances 44.329 vertices on average
--> seed  4898  is selected in the first campaign and balances 44.58 vertices on average
--> seed  3506  is selected in the first campaign and balances 43.761 vertices on average
--> seed  427  is selected in the second campaign and balances 42.654 vertices on average
--> seed  1390  is selected in the first campaign and balances 43.135 vertices on average
--> seed  2260  is selected in the second campaign and balances 41.184 vertices on average
--> seed  11498  is selected in the first campaign and balances 41.341 vertices on average
--> seed  10998  is selected in the second campaign and balances 40.356 vertices on average
--> seed  5736  is selected in the first campaign and balances 40.524 vertices on average
--> seed  1337  is selected in the second campaign and balances 39.367 vertices on average
--> seed  27800  is selected in the first campaign and balances 39.378 vertices on average
--> seed  3596  is selected in the second campaign and balances 37.584 vertices on average
--> seed  2608  is selected in the second campaign and balances 37.548 vertices on average
--> seed  23277  is selected in the first campaign and balances 53.707 vertices on average
--> seed  15089  is selected in the first campaign and balances 37.198 vertices on average
--> seed  980  is selected in the second campaign and balances 36.185 vertices on average
--> seed  2986  is selected in the first campaign and balances 37.223 vertices on average
--> seed  6537  is selected in the second campaign and balances 35.701 vertices on average
--> seed  12296  is selected in the second campaign and balances 36.053 vertices on average
--> seed  5550  is selected in the first campaign and balances 36.217 vertices on average
--> seed  142  is selected in the second campaign and balances 35.421 vertices on average
--> seed  2551  is selected in the first campaign and balances 35.539 vertices on average
--> seed  7774  is selected in the first campaign and balances 34.78 vertices on average
--> seed  2843  is selected in the second campaign and balances 33.594 vertices on average
--> seed  11034  is selected in the first campaign and balances 34.022 vertices on average
--> seed  4498  is selected in the second campaign and balances 32.736 vertices on average
--> seed  7808  is selected in the first campaign and balances 44.896 vertices on average
--> seed  1839  is selected in the second campaign and balances 33.786 vertices on average
--> seed  4512  is selected in the first campaign and balances 33.864 vertices on average
--> seed  1220  is selected in the second campaign and balances 31.253 vertices on average
--> seed  762  is selected in the second campaign and balances 31.494 vertices on average
--> seed  3326  is selected in the second campaign and balances 31.683 vertices on average
--> seed  15855  is selected in the first campaign and balances 31.735 vertices on average
--> seed  1194  is selected in the second campaign and balances 31.43 vertices on average
total memory 32.210938
totaltime 1765.922815
--> seed  10534  is selected in the first campaign and balances 31.539 vertices on average
--> seed  1013  is selected in the second campaign and balances 30.642 vertices on average
--> seed  1418  is selected in the first campaign and balances 30.706 vertices on average
--> seed  9958  is selected in the second campaign and balances 29.982 vertices on average
--> seed  8473  is selected in the first campaign and balances 30.002 vertices on average
--> seed  1116  is selected in the second campaign and balances 28.942 vertices on average
--> seed  3400  is selected in the first campaign and balances 29.193 vertices on average
--> seed  5608  is selected in the second campaign and balances 27.999 vertices on average
--> seed  6379  is selected in the second campaign and balances 28.131 vertices on average
--> seed  1511  is selected in the first campaign and balances 28.293 vertices on average
--> seed  3056  is selected in the second campaign and balances 27.603 vertices on average
--> seed  463  is selected in the first campaign and balances 27.899 vertices on average
--> seed  1291  is selected in the second campaign and balances 26.818 vertices on average
--> seed  15373  is selected in the first campaign and balances 33.238 vertices on average
--> seed  63  is selected in the second campaign and balances 26.757 vertices on average
--> seed  5676  is selected in the first campaign and balances 26.853 vertices on average
--> seed  1943  is selected in the second campaign and balances 25.905 vertices on average
--> seed  1050  is selected in the second campaign and balances 25.923 vertices on average
--> seed  1596  is selected in the first campaign and balances 26.012 vertices on average
--> seed  129  is selected in the second campaign and balances 25.393 vertices on average
--> seed  2842  is selected in the first campaign and balances 25.456 vertices on average
--> seed  2763  is selected in the second campaign and balances 24.993 vertices on average
--> seed  9379  is selected in the first campaign and balances 26.13 vertices on average
--> seed  12891  is selected in the second campaign and balances 24.83 vertices on average
--> seed  6562  is selected in the first campaign and balances 26.983 vertices on average
--> seed  5675  is selected in the first campaign and balances 24.631 vertices on average
--> seed  95  is selected in the second campaign and balances 24.347 vertices on average
--> seed  3752  is selected in the first campaign and balances 24.387 vertices on average
--> seed  5386  is selected in the second campaign and balances 23.685 vertices on average
--> seed  17484  is selected in the first campaign and balances 26.072 vertices on average
--> seed  671  is selected in the second campaign and balances 23.631 vertices on average
--> seed  1379  is selected in the second campaign and balances 23.663 vertices on average
--> seed  2281  is selected in the first campaign and balances 23.774 vertices on average
--> seed  9043  is selected in the second campaign and balances 23.196 vertices on average
--> seed  16941  is selected in the first campaign and balances 23.285 vertices on average
--> seed  4319  is selected in the second campaign and balances 22.9 vertices on average
--> seed  12365  is selected in the first campaign and balances 23.051 vertices on average
--> seed  2032  is selected in the second campaign and balances 22.313 vertices on average
--> seed  16858  is selected in the first campaign and balances 22.338 vertices on average
--> seed  13850  is selected in the second campaign and balances 22.259 vertices on average
--> seed  10776  is selected in the first campaign and balances 22.264 vertices on average
--> seed  3169  is selected in the first campaign and balances 22.184 vertices on average
--> seed  7289  is selected in the second campaign and balances 21.797 vertices on average
--> seed  1316  is selected in the second campaign and balances 21.799 vertices on average
--> seed  146  is selected in the first campaign and balances 25.547 vertices on average
--> seed  23367  is selected in the first campaign and balances 21.799 vertices on average
--> seed  2422  is selected in the second campaign and balances 21.588 vertices on average
--> seed  785  is selected in the first campaign and balances 21.596 vertices on average
--> seed  13629  is selected in the second campaign and balances 21.491 vertices on average
--> seed  489  is selected in the first campaign and balances 21.507 vertices on average
total memory 32.210938
totaltime 2408.643632
--> seed  441  is selected in the first campaign and balances 21.365 vertices on average
--> seed  12324  is selected in the first campaign and balances 21.227 vertices on average
--> seed  13541  is selected in the second campaign and balances 21.004 vertices on average
--> seed  2635  is selected in the first campaign and balances 21.08 vertices on average
--> seed  11745  is selected in the first campaign and balances 20.888 vertices on average
--> seed  5473  is selected in the second campaign and balances 19.772 vertices on average
--> seed  7190  is selected in the second campaign and balances 19.787 vertices on average
--> seed  13279  is selected in the first campaign and balances 34.181 vertices on average
--> seed  4408  is selected in the first campaign and balances 21.462 vertices on average
--> seed  22989  is selected in the second campaign and balances 19.441 vertices on average
--> seed  1699  is selected in the second campaign and balances 19.46 vertices on average
--> seed  2925  is selected in the first campaign and balances 20.327 vertices on average
--> seed  5976  is selected in the second campaign and balances 19.453 vertices on average
--> seed  2877  is selected in the second campaign and balances 19.633 vertices on average
--> seed  6791  is selected in the first campaign and balances 20.419 vertices on average
--> seed  3931  is selected in the first campaign and balances 19.499 vertices on average
--> seed  1381  is selected in the second campaign and balances 19.18 vertices on average
--> seed  1536  is selected in the first campaign and balances 19.189 vertices on average
--> seed  1581  is selected in the second campaign and balances 19.075 vertices on average
--> seed  8489  is selected in the first campaign and balances 19.161 vertices on average
--> seed  930  is selected in the first campaign and balances 18.954 vertices on average
--> seed  454  is selected in the second campaign and balances 18.752 vertices on average
--> seed  1336  is selected in the first campaign and balances 18.755 vertices on average
--> seed  3094  is selected in the first campaign and balances 18.451 vertices on average
--> seed  3628  is selected in the second campaign and balances 18.093 vertices on average
--> seed  6531  is selected in the second campaign and balances 18.116 vertices on average
--> seed  12378  is selected in the second campaign and balances 18.116 vertices on average
--> seed  11898  is selected in the first campaign and balances 18.655 vertices on average
--> seed  1920  is selected in the second campaign and balances 17.872 vertices on average
--> seed  1988  is selected in the second campaign and balances 17.916 vertices on average
--> seed  173  is selected in the first campaign and balances 17.923 vertices on average
--> seed  10603  is selected in the second campaign and balances 17.78 vertices on average
--> seed  3335  is selected in the first campaign and balances 17.814 vertices on average
--> seed  2015  is selected in the second campaign and balances 17.533 vertices on average
--> seed  4630  is selected in the first campaign and balances 17.571 vertices on average
--> seed  2681  is selected in the second campaign and balances 17.351 vertices on average
--> seed  851  is selected in the first campaign and balances 18.217 vertices on average
--> seed  4425  is selected in the second campaign and balances 17.239 vertices on average
--> seed  3474  is selected in the first campaign and balances 17.261 vertices on average
--> seed  5125  is selected in the first campaign and balances 17.055 vertices on average
--> seed  2401  is selected in the second campaign and balances 16.935 vertices on average
--> seed  4641  is selected in the first campaign and balances 16.968 vertices on average
--> seed  5166  is selected in the second campaign and balances 16.788 vertices on average
--> seed  7051  is selected in the first campaign and balances 16.812 vertices on average
--> seed  1759  is selected in the second campaign and balances 16.582 vertices on average
--> seed  19340  is selected in the first campaign and balances 16.679 vertices on average
--> seed  1385  is selected in the second campaign and balances 16.337 vertices on average
--> seed  735  is selected in the second campaign and balances 16.414 vertices on average
--> seed  11011  is selected in the first campaign and balances 16.442 vertices on average
--> seed  4992  is selected in the first campaign and balances 16.269 vertices on average
total memory 32.210938
totaltime 3013.864485
totaltime 3013.864536
distinct users:15229 number of edges:62752
END reading graph (../data/nethept_r_het.txt).
any possible selection does not improve the objective function
main_iterations is: 10
--> seed  99  is selected in the second campaign and balances 0 vertices on average
--> seed  100  is selected in the first campaign and balances 29.667 vertices on average
--> seed  14  is selected in the second campaign and balances 19.201 vertices on average
--> seed  88  is selected in the first campaign and balances 31.349 vertices on average
--> seed  482  is selected in the second campaign and balances 21.991 vertices on average
--> seed  474  is selected in the first campaign and balances 27.707 vertices on average
--> seed  131  is selected in the second campaign and balances 20.672 vertices on average
--> seed  200  is selected in the first campaign and balances 22.951 vertices on average
--> seed  1175  is selected in the second campaign and balances 20.342 vertices on average
--> seed  80  is selected in the first campaign and balances 21.741 vertices on average
--> seed  196  is selected in the second campaign and balances 16.775 vertices on average
--> seed  221  is selected in the first campaign and balances 21.26 vertices on average
--> seed  266  is selected in the second campaign and balances 17.524 vertices on average
--> seed  267  is selected in the first campaign and balances 22.509 vertices on average
--> seed  328  is selected in the first campaign and balances 17.526 vertices on average
--> seed  359  is selected in the second campaign and balances 15.974 vertices on average
--> seed  287  is selected in the first campaign and balances 16.896 vertices on average
--> seed  27  is selected in the second campaign and balances 13.811 vertices on average
--> seed  4  is selected in the first campaign and balances 14.515 vertices on average
--> seed  525  is selected in the second campaign and balances 11.734 vertices on average
--> seed  1162  is selected in the second campaign and balances 13.27 vertices on average
--> seed  230  is selected in the first campaign and balances 16.629 vertices on average
--> seed  953  is selected in the second campaign and balances 12.528 vertices on average
--> seed  239  is selected in the second campaign and balances 12.846 vertices on average
--> seed  274  is selected in the first campaign and balances 13.364 vertices on average
--> seed  634  is selected in the first campaign and balances 12.111 vertices on average
--> seed  457  is selected in the second campaign and balances 11.119 vertices on average
--> seed  105  is selected in the first campaign and balances 16.088 vertices on average
--> seed  159  is selected in the second campaign and balances 11.402 vertices on average
--> seed  487  is selected in the first campaign and balances 11.553 vertices on average
--> seed  15  is selected in the first campaign and balances 11.287 vertices on average
--> seed  608  is selected in the second campaign and balances 10.728 vertices on average
--> seed  6561  is selected in the first campaign and balances 10.811 vertices on average
--> seed  2244  is selected in the second campaign and balances 9.382 vertices on average
--> seed  2250  is selected in the first campaign and balances 10.066 vertices on average
--> seed  3683  is selected in the second campaign and balances 9.688 vertices on average
--> seed  885  is selected in the first campaign and balances 9.885 vertices on average
--> seed  9  is selected in the second campaign and balances 9.699 vertices on average
--> seed  606  is selected in the first campaign and balances 10.005 vertices on average
--> seed  3429  is selected in the second campaign and balances 9.561 vertices on average
--> seed  559  is selected in the first campaign and balances 17.533 vertices on average
--> seed  1292  is selected in the second campaign and balances 9.485 vertices on average
--> seed  649  is selected in the first campaign and balances 14.709 vertices on average
--> seed  592  is selected in the first campaign and balances 9.629 vertices on average
--> seed  563  is selected in the second campaign and balances 9.107 vertices on average
--> seed  124  is selected in the first campaign and balances 14.237 vertices on average
--> seed  1492  is selected in the second campaign and balances 11.024 vertices on average
--> seed  562  is selected in the first campaign and balances 12.232 vertices on average
--> seed  236  is selected in the first campaign and balances 10.946 vertices on average
--> seed  547  is selected in the second campaign and balances 8.763 vertices on average
total memory 16.988281
totaltime 129.448561
--> seed  2940  is selected in the first campaign and balances 9.149 vertices on average
--> seed  408  is selected in the second campaign and balances 8.67 vertices on average
--> seed  1528  is selected in the second campaign and balances 8.711 vertices on average
--> seed  595  is selected in the second campaign and balances 8.719 vertices on average
--> seed  326  is selected in the first campaign and balances 8.749 vertices on average
--> seed  535  is selected in the second campaign and balances 8.42 vertices on average
--> seed  536  is selected in the first campaign and balances 11.727 vertices on average
--> seed  705  is selected in the first campaign and balances 8.685 vertices on average
--> seed  19  is selected in the second campaign and balances 8.135 vertices on average
--> seed  72  is selected in the first campaign and balances 8.143 vertices on average
--> seed  140  is selected in the second campaign and balances 7.803 vertices on average
--> seed  66  is selected in the first campaign and balances 8.838 vertices on average
--> seed  653  is selected in the second campaign and balances 7.908 vertices on average
--> seed  639  is selected in the second campaign and balances 7.908 vertices on average
--> seed  638  is selected in the first campaign and balances 22.47 vertices on average
--> seed  744  is selected in the first campaign and balances 11.243 vertices on average
--> seed  1689  is selected in the first campaign and balances 9.482 vertices on average
--> seed  515  is selected in the second campaign and balances 7.747 vertices on average
--> seed  111  is selected in the second campaign and balances 7.752 vertices on average
--> seed  316  is selected in the first campaign and balances 9.681 vertices on average
--> seed  60  is selected in the second campaign and balances 7.775 vertices on average
--> seed  5682  is selected in the first campaign and balances 8.354 vertices on average
--> seed  989  is selected in the second campaign and balances 7.779 vertices on average
--> seed  3028  is selected in the first campaign and balances 13.026 vertices on average
--> seed  210  is selected in the first campaign and balances 7.777 vertices on average
--> seed  412  is selected in the second campaign and balances 7.7 vertices on average
--> seed  765  is selected in the first campaign and balances 9.846 vertices on average
--> seed  273  is selected in the first campaign and balances 7.696 vertices on average
--> seed  11262  is selected in the second campaign and balances 6.963 vertices on average
--> seed  1103  is selected in the second campaign and balances 6.964 vertices on average
--> seed  422  is selected in the first campaign and balances 8.932 vertices on average
--> seed  4041  is selected in the second campaign and balances 6.964 vertices on average
--> seed  192  is selected in the second campaign and balances 6.989 vertices on average
--> seed  193  is selected in the first campaign and balances 14.938 vertices on average
--> seed  1169  is selected in the first campaign and balances 7.921 vertices on average
--> seed  613  is selected in the second campaign and balances 6.945 vertices on average
--> seed  226  is selected in the first campaign and balances 6.957 vertices on average
--> seed  349  is selected in the first campaign and balances 6.925 vertices on average
--> seed  2086  is selected in the second campaign and balances 6.851 vertices on average
--> seed  363  is selected in the first campaign and balances 6.855 vertices on average
--> seed  526  is selected in the second campaign and balances 6.323 vertices on average
--> seed  1724  is selected in the second campaign and balances 6.329 vertices on average
--> seed  1740  is selected in the first campaign and balances 6.983 vertices on average
--> seed  56  is selected in the first campaign and balances 6.397 vertices on average
--> seed  646  is selected in the second campaign and balances 6.299 vertices on average
--> seed  128  is selected in the first campaign and balances 7.568 vertices on average
--> seed  28  is selected in the second campaign and balances 6.302 vertices on average
--> seed  805  is selected in the first campaign and balances 6.425 vertices on average
--> seed  61  is selected in the first campaign and balances 6.296 vertices on average
--> seed  151  is selected in the second campaign and balances 6.239 vertices on average
total memory 16.988281
totaltime 253.399076
--> seed  4824  is selected in the first campaign and balances 6.335 vertices on average
--> seed  8276  is selected in the second campaign and balances 6.091 vertices on average
--> seed  941  is selected in the second campaign and balances 6.091 vertices on average
--> seed  661  is selected in the second campaign and balances 6.092 vertices on average
--> seed  297  is selected in the second campaign and balances 6.092 vertices on average
--> seed  145  is selected in the second campaign and balances 6.092 vertices on average
--> seed  6369  is selected in the first campaign and balances 6.092 vertices on average
--> seed  460  is selected in the first campaign and balances 6.037 vertices on average
--> seed  709  is selected in the second campaign and balances 5.735 vertices on average
--> seed  512  is selected in the second campaign and balances 5.75 vertices on average
--> seed  629  is selected in the first campaign and balances 6.796 vertices on average
--> seed  156  is selected in the second campaign and balances 5.743 vertices on average
--> seed  2548  is selected in the first campaign and balances 6.89 vertices on average
--> seed  4151  is selected in the second campaign and balances 5.741 vertices on average
--> seed  442  is selected in the first campaign and balances 5.761 vertices on average
--> seed  6675  is selected in the second campaign and balances 5.699 vertices on average
--> seed  1159  is selected in the first campaign and balances 6.406 vertices on average
--> seed  793  is selected in the second campaign and balances 5.697 vertices on average
--> seed  4141  is selected in the first campaign and balances 6.555 vertices on average
--> seed  41  is selected in the first campaign and balances 5.697 vertices on average
--> seed  6366  is selected in the second campaign and balances 5.672 vertices on average
--> seed  157  is selected in the first campaign and balances 5.672 vertices on average
--> seed  1156  is selected in the second campaign and balances 5.507 vertices on average
--> seed  768  is selected in the first campaign and balances 6.419 vertices on average
--> seed  1955  is selected in the first campaign and balances 6.093 vertices on average
--> seed  1890  is selected in the second campaign and balances 5.504 vertices on average
--> seed  5553  is selected in the second campaign and balances 5.504 vertices on average
--> seed  2703  is selected in the first campaign and balances 5.504 vertices on average
--> seed  741  is selected in the second campaign and balances 5.331 vertices on average
--> seed  1957  is selected in the first campaign and balances 6.412 vertices on average
--> seed  1405  is selected in the second campaign and balances 5.331 vertices on average
--> seed  122  is selected in the first campaign and balances 6.924 vertices on average
--> seed  283  is selected in the second campaign and balances 5.332 vertices on average
--> seed  3673  is selected in the second campaign and balances 5.332 vertices on average
--> seed  2803  is selected in the first campaign and balances 6.202 vertices on average
--> seed  879  is selected in the second campaign and balances 5.332 vertices on average
--> seed  632  is selected in the second campaign and balances 5.332 vertices on average
--> seed  116  is selected in the first campaign and balances 5.424 vertices on average
--> seed  791  is selected in the second campaign and balances 5.332 vertices on average
--> seed  1256  is selected in the second campaign and balances 5.332 vertices on average
--> seed  1765  is selected in the first campaign and balances 5.391 vertices on average
--> seed  5003  is selected in the first campaign and balances 5.333 vertices on average
--> seed  10547  is selected in the second campaign and balances 5.011 vertices on average
--> seed  42  is selected in the second campaign and balances 5.011 vertices on average
--> seed  110  is selected in the first campaign and balances 5.013 vertices on average
--> seed  1060  is selected in the second campaign and balances 4.95 vertices on average
--> seed  288  is selected in the first campaign and balances 4.99 vertices on average
--> seed  4319  is selected in the second campaign and balances 4.809 vertices on average
--> seed  828  is selected in the first campaign and balances 5.387 vertices on average
--> seed  2019  is selected in the second campaign and balances 4.809 vertices on average
total memory 16.988281
totaltime 375.175159
--> seed  7465  is selected in the first campaign and balances 5.706 vertices on average
--> seed  1449  is selected in the second campaign and balances 4.809 vertices on average
--> seed  3906  is selected in the first campaign and balances 6.73 vertices on average
--> seed  1038  is selected in the second campaign and balances 4.85 vertices on average
--> seed  1390  is selected in the first campaign and balances 5.388 vertices on average
--> seed  5000  is selected in the second campaign and balances 4.85 vertices on average
--> seed  1775  is selected in the first campaign and balances 5.515 vertices on average
--> seed  4586  is selected in the first campaign and balances 5.083 vertices on average
--> seed  37  is selected in the second campaign and balances 4.85 vertices on average
--> seed  39  is selected in the first campaign and balances 8.619 vertices on average
--> seed  754  is selected in the second campaign and balances 6.166 vertices on average
--> seed  4426  is selected in the first campaign and balances 6.166 vertices on average
--> seed  6573  is selected in the first campaign and balances 5.015 vertices on average
--> seed  866  is selected in the second campaign and balances 4.85 vertices on average
--> seed  509  is selected in the first campaign and balances 4.85 vertices on average
--> seed  307  is selected in the second campaign and balances 4.625 vertices on average
--> seed  305  is selected in the first campaign and balances 5.206 vertices on average
--> seed  5450  is selected in the first campaign and balances 5.022 vertices on average
--> seed  593  is selected in the second campaign and balances 4.624 vertices on average
--> seed  251  is selected in the first campaign and balances 4.858 vertices on average
--> seed  2621  is selected in the second campaign and balances 4.665 vertices on average
--> seed  950  is selected in the first campaign and balances 5.008 vertices on average
--> seed  3864  is selected in the second campaign and balances 4.66 vertices on average
--> seed  469  is selected in the second campaign and balances 4.663 vertices on average
--> seed  700  is selected in the first campaign and balances 4.663 vertices on average
--> seed  604  is selected in the second campaign and balances 4.636 vertices on average
--> seed  388  is selected in the second campaign and balances 4.636 vertices on average
--> seed  386  is selected in the first campaign and balances 4.939 vertices on average
--> seed  590  is selected in the second campaign and balances 4.626 vertices on average
--> seed  1690  is selected in the first campaign and balances 4.833 vertices on average
--> seed  36  is selected in the first campaign and balances 4.624 vertices on average
--> seed  511  is selected in the second campaign and balances 4.478 vertices on average
--> seed  12  is selected in the first campaign and balances 5.034 vertices on average
--> seed  437  is selected in the second campaign and balances 4.471 vertices on average
--> seed  3399  is selected in the second campaign and balances 4.472 vertices on average
--> seed  599  is selected in the second campaign and balances 4.474 vertices on average
--> seed  3246  is selected in the second campaign and balances 4.474 vertices on average
--> seed  6583  is selected in the first campaign and balances 5.475 vertices on average
--> seed  7951  is selected in the second campaign and balances 4.474 vertices on average
--> seed  417  is selected in the first campaign and balances 4.474 vertices on average
--> seed  3641  is selected in the second campaign and balances 4.444 vertices on average
--> seed  98  is selected in the first campaign and balances 4.45 vertices on average
--> seed  1  is selected in the second campaign and balances 4.389 vertices on average
--> seed  3209  is selected in the second campaign and balances 4.395 vertices on average
--> seed  76  is selected in the first campaign and balances 5.978 vertices on average
--> seed  3147  is selected in the second campaign and balances 5 vertices on average
--> seed  23  is selected in the first campaign and balances 5 vertices on average
--> seed  2276  is selected in the second campaign and balances 4.394 vertices on average
--> seed  75  is selected in the second campaign and balances 4.394 vertices on average
--> seed  265  is selected in the first campaign and balances 4.394 vertices on average
total memory 16.988281
totaltime 496.255332
totaltime 496.255377
distinct users:7115 number of edges:103689
END reading graph (../data/wikivote_r_het.txt).
any possible selection does not improve the objective function
main_iterations is: 10
--> seed  286  is selected in the second campaign and balances 0 vertices on average
--> seed  326  is selected in the first campaign and balances 2448.62 vertices on average
--> seed  905  is selected in the second campaign and balances 64.795 vertices on average
--> seed  409  is selected in the first campaign and balances 73.12 vertices on average
--> seed  339  is selected in the second campaign and balances 20.852 vertices on average
--> seed  711  is selected in the second campaign and balances 23.708 vertices on average
--> seed  3  is selected in the first campaign and balances 24.862 vertices on average
--> seed  1332  is selected in the second campaign and balances 16.785 vertices on average
--> seed  1261  is selected in the first campaign and balances 18.467 vertices on average
--> seed  1005  is selected in the second campaign and balances 16.109 vertices on average
--> seed  1229  is selected in the first campaign and balances 15.667 vertices on average
--> seed  1028  is selected in the second campaign and balances 14.311 vertices on average
--> seed  1141  is selected in the first campaign and balances 16.108 vertices on average
--> seed  626  is selected in the second campaign and balances 13.779 vertices on average
--> seed  7  is selected in the second campaign and balances 14.036 vertices on average
--> seed  15  is selected in the first campaign and balances 14.192 vertices on average
--> seed  884  is selected in the first campaign and balances 13.768 vertices on average
--> seed  521  is selected in the second campaign and balances 12.442 vertices on average
--> seed  1201  is selected in the second campaign and balances 12.492 vertices on average
--> seed  432  is selected in the first campaign and balances 12.539 vertices on average
--> seed  1225  is selected in the first campaign and balances 11.343 vertices on average
--> seed  1224  is selected in the second campaign and balances 10.366 vertices on average
--> seed  697  is selected in the second campaign and balances 10.44 vertices on average
--> seed  841  is selected in the first campaign and balances 10.54 vertices on average
--> seed  926  is selected in the second campaign and balances 10.303 vertices on average
--> seed  488  is selected in the first campaign and balances 10.356 vertices on average
--> seed  56  is selected in the second campaign and balances 8.913 vertices on average
--> seed  767  is selected in the second campaign and balances 9.88 vertices on average
--> seed  552  is selected in the first campaign and balances 9.912 vertices on average
--> seed  1576  is selected in the second campaign and balances 8.978 vertices on average
--> seed  14  is selected in the second campaign and balances 8.985 vertices on average
--> seed  1125  is selected in the first campaign and balances 8.926 vertices on average
--> seed  1353  is selected in the second campaign and balances 8.441 vertices on average
--> seed  1410  is selected in the first campaign and balances 8.596 vertices on average
--> seed  1406  is selected in the second campaign and balances 8.168 vertices on average
--> seed  1270  is selected in the second campaign and balances 8.168 vertices on average
--> seed  39  is selected in the first campaign and balances 8.169 vertices on average
--> seed  1950  is selected in the first campaign and balances 8.071 vertices on average
--> seed  1090  is selected in the second campaign and balances 7.534 vertices on average
--> seed  1107  is selected in the first campaign and balances 8.468 vertices on average
--> seed  686  is selected in the first campaign and balances 7.607 vertices on average
--> seed  177  is selected in the second campaign and balances 7.027 vertices on average
--> seed  2005  is selected in the second campaign and balances 7.038 vertices on average
--> seed  1407  is selected in the second campaign and balances 7.058 vertices on average
--> seed  320  is selected in the first campaign and balances 7.07 vertices on average
--> seed  1466  is selected in the second campaign and balances 6.62 vertices on average
--> seed  833  is selected in the second campaign and balances 6.642 vertices on average
--> seed  782  is selected in the first campaign and balances 7.184 vertices on average
--> seed  247  is selected in the second campaign and balances 6.538 vertices on average
--> seed  1230  is selected in the first campaign and balances 6.552 vertices on average
total memory 17.773438
totaltime 272.708177
--> seed  1030  is selected in the first campaign and balances 6.296 vertices on average
--> seed  1038  is selected in the second campaign and balances 6.055 vertices on average
--> seed  1374  is selected in the second campaign and balances 6.057 vertices on average
--> seed  107  is selected in the first campaign and balances 6.075 vertices on average
--> seed  1940  is selected in the first campaign and balances 5.828 vertices on average
--> seed  402  is selected in the first campaign and balances 5.776 vertices on average
--> seed  476  is selected in the second campaign and balances 5.457 vertices on average
--> seed  588  is selected in the first campaign and balances 6.277 vertices on average
--> seed  695  is selected in the second campaign and balances 5.45 vertices on average
--> seed  1259  is selected in the second campaign and balances 5.468 vertices on average
--> seed  1105  is selected in the second campaign and balances 5.512 vertices on average
--> seed  1220  is selected in the second campaign and balances 5.544 vertices on average
--> seed  1212  is selected in the first campaign and balances 5.558 vertices on average
--> seed  1934  is selected in the second campaign and balances 5.119 vertices on average
--> seed  1330  is selected in the second campaign and balances 5.123 vertices on average
--> seed  225  is selected in the second campaign and balances 5.173 vertices on average
--> seed  907  is selected in the first campaign and balances 5.193 vertices on average
--> seed  1073  is selected in the first campaign and balances 5.122 vertices on average
--> seed  716  is selected in the first campaign and balances 5.025 vertices on average
--> seed  38  is selected in the first campaign and balances 4.991 vertices on average
--> seed  1282  is selected in the first campaign and balances 4.765 vertices on average
--> seed  1223  is selected in the second campaign and balances 4.54 vertices on average
--> seed  55  is selected in the second campaign and balances 4.624 vertices on average
--> seed  1029  is selected in the second campaign and balances 4.624 vertices on average
--> seed  1442  is selected in the first campaign and balances 4.665 vertices on average
--> seed  1518  is selected in the second campaign and balances 4.54 vertices on average
--> seed  346  is selected in the first campaign and balances 4.549 vertices on average
--> seed  1008  is selected in the first campaign and balances 4.512 vertices on average
--> seed  605  is selected in the second campaign and balances 4.458 vertices on average
--> seed  1258  is selected in the first campaign and balances 4.458 vertices on average
--> seed  1099  is selected in the second campaign and balances 4.342 vertices on average
--> seed  1509  is selected in the first campaign and balances 4.379 vertices on average
--> seed  1144  is selected in the second campaign and balances 4.132 vertices on average
--> seed  754  is selected in the second campaign and balances 4.137 vertices on average
--> seed  1431  is selected in the second campaign and balances 4.141 vertices on average
--> seed  1525  is selected in the first campaign and balances 4.144 vertices on average
--> seed  1111  is selected in the second campaign and balances 4.081 vertices on average
--> seed  113  is selected in the second campaign and balances 4.09 vertices on average
--> seed  939  is selected in the first campaign and balances 4.09 vertices on average
--> seed  71  is selected in the first campaign and balances 4.058 vertices on average
--> seed  1091  is selected in the first campaign and balances 4.015 vertices on average
--> seed  304  is selected in the first campaign and balances 3.966 vertices on average
--> seed  1302  is selected in the second campaign and balances 3.623 vertices on average
--> seed  1429  is selected in the first campaign and balances 4.291 vertices on average
--> seed  1983  is selected in the second campaign and balances 3.592 vertices on average
--> seed  784  is selected in the second campaign and balances 3.629 vertices on average
--> seed  101  is selected in the second campaign and balances 3.629 vertices on average
--> seed  1767  is selected in the first campaign and balances 3.633 vertices on average
--> seed  2350  is selected in the second campaign and balances 3.505 vertices on average
--> seed  1284  is selected in the first campaign and balances 3.505 vertices on average
total memory 17.773438
totaltime 399.659065
--> seed  971  is selected in the second campaign and balances 3.379 vertices on average
--> seed  772  is selected in the second campaign and balances 3.379 vertices on average
--> seed  1081  is selected in the second campaign and balances 3.384 vertices on average
--> seed  41  is selected in the second campaign and balances 3.391 vertices on average
--> seed  908  is selected in the second campaign and balances 3.391 vertices on average
--> seed  1026  is selected in the first campaign and balances 3.652 vertices on average
--> seed  591  is selected in the second campaign and balances 3.386 vertices on average
--> seed  1682  is selected in the first campaign and balances 3.39 vertices on average
--> seed  1246  is selected in the first campaign and balances 3.359 vertices on average
--> seed  988  is selected in the second campaign and balances 3.272 vertices on average
--> seed  705  is selected in the first campaign and balances 3.29 vertices on average
--> seed  1632  is selected in the first campaign and balances 3.272 vertices on average
--> seed  780  is selected in the second campaign and balances 3.231 vertices on average
--> seed  1984  is selected in the second campaign and balances 3.236 vertices on average
--> seed  1150  is selected in the first campaign and balances 3.236 vertices on average
--> seed  1816  is selected in the first campaign and balances 3.215 vertices on average
--> seed  1401  is selected in the second campaign and balances 3.152 vertices on average
--> seed  72  is selected in the first campaign and balances 3.154 vertices on average
--> seed  1214  is selected in the second campaign and balances 3.118 vertices on average
--> seed  1056  is selected in the first campaign and balances 3.118 vertices on average
--> seed  835  is selected in the first campaign and balances 3.086 vertices on average
--> seed  598  is selected in the second campaign and balances 3.01 vertices on average
--> seed  2398  is selected in the second campaign and balances 3.01 vertices on average
--> seed  1084  is selected in the first campaign and balances 3.069 vertices on average
--> seed  827  is selected in the second campaign and balances 3.015 vertices on average
--> seed  1279  is selected in the first campaign and balances 3.015 vertices on average
--> seed  1213  is selected in the second campaign and balances 2.984 vertices on average
--> seed  819  is selected in the first campaign and balances 2.985 vertices on average
--> seed  852  is selected in the first campaign and balances 2.973 vertices on average
--> seed  1446  is selected in the first campaign and balances 2.932 vertices on average
--> seed  1100  is selected in the first campaign and balances 2.9 vertices on average
--> seed  1799  is selected in the second campaign and balances 2.843 vertices on average
--> seed  80  is selected in the second campaign and balances 2.844 vertices on average
--> seed  655  is selected in the first campaign and balances 2.85 vertices on average
--> seed  1654  is selected in the first campaign and balances 2.84 vertices on average
--> seed  87  is selected in the first campaign and balances 2.821 vertices on average
--> seed  1004  is selected in the second campaign and balances 2.742 vertices on average
--> seed  1692  is selected in the second campaign and balances 2.742 vertices on average
--> seed  1472  is selected in the first campaign and balances 2.784 vertices on average
--> seed  645  is selected in the second campaign and balances 2.718 vertices on average
--> seed  340  is selected in the first campaign and balances 3.091 vertices on average
--> seed  1010  is selected in the second campaign and balances 2.685 vertices on average
--> seed  1714  is selected in the second campaign and balances 2.685 vertices on average
--> seed  1336  is selected in the first campaign and balances 2.685 vertices on average
--> seed  2402  is selected in the second campaign and balances 2.674 vertices on average
--> seed  1303  is selected in the first campaign and balances 2.674 vertices on average
--> seed  1226  is selected in the second campaign and balances 2.663 vertices on average
--> seed  1615  is selected in the first campaign and balances 2.663 vertices on average
--> seed  745  is selected in the first campaign and balances 2.66 vertices on average
--> seed  67  is selected in the first campaign and balances 2.64 vertices on average
total memory 17.773438
totaltime 522.559614
--> seed  894  is selected in the second campaign and balances 2.601 vertices on average
--> seed  401  is selected in the first campaign and balances 2.601 vertices on average
--> seed  1450  is selected in the second campaign and balances 2.592 vertices on average
--> seed  834  is selected in the first campaign and balances 2.582 vertices on average
--> seed  809  is selected in the first campaign and balances 2.564 vertices on average
--> seed  5  is selected in the first campaign and balances 2.554 vertices on average
--> seed  756  is selected in the second campaign and balances 2.526 vertices on average
--> seed  309  is selected in the first campaign and balances 3.213 vertices on average
--> seed  1006  is selected in the first campaign and balances 2.831 vertices on average
--> seed  724  is selected in the second campaign and balances 2.512 vertices on average
--> seed  611  is selected in the second campaign and balances 2.512 vertices on average
--> seed  1157  is selected in the first campaign and balances 2.512 vertices on average
--> seed  1486  is selected in the second campaign and balances 2.418 vertices on average
--> seed  79  is selected in the second campaign and balances 2.418 vertices on average
--> seed  95  is selected in the first campaign and balances 3.615 vertices on average
--> seed  176  is selected in the first campaign and balances 2.977 vertices on average
--> seed  933  is selected in the second campaign and balances 2.412 vertices on average
--> seed  1197  is selected in the first campaign and balances 2.43 vertices on average
--> seed  919  is selected in the second campaign and balances 2.403 vertices on average
--> seed  1187  is selected in the first campaign and balances 2.403 vertices on average
--> seed  1475  is selected in the second campaign and balances 2.402 vertices on average
--> seed  472  is selected in the first campaign and balances 2.402 vertices on average
--> seed  643  is selected in the second campaign and balances 2.372 vertices on average
--> seed  1382  is selected in the first campaign and balances 2.372 vertices on average
--> seed  1329  is selected in the first campaign and balances 2.363 vertices on average
--> seed  1151  is selected in the first campaign and balances 2.33 vertices on average
--> seed  944  is selected in the second campaign and balances 2.315 vertices on average
--> seed  413  is selected in the first campaign and balances 2.549 vertices on average
--> seed  585  is selected in the second campaign and balances 2.325 vertices on average
--> seed  424  is selected in the first campaign and balances 2.479 vertices on average
--> seed  1312  is selected in the first campaign and balances 2.325 vertices on average
--> seed  791  is selected in the first campaign and balances 2.292 vertices on average
--> seed  298  is selected in the second campaign and balances 2.262 vertices on average
--> seed  1550  is selected in the first campaign and balances 2.262 vertices on average
--> seed  1039  is selected in the second campaign and balances 2.245 vertices on average
--> seed  1778  is selected in the first campaign and balances 2.247 vertices on average
--> seed  1900  is selected in the second campaign and balances 2.228 vertices on average
--> seed  77  is selected in the second campaign and balances 2.228 vertices on average
--> seed  801  is selected in the first campaign and balances 2.228 vertices on average
--> seed  597  is selected in the first campaign and balances 2.216 vertices on average
--> seed  563  is selected in the second campaign and balances 2.201 vertices on average
--> seed  1491  is selected in the first campaign and balances 2.201 vertices on average
--> seed  1495  is selected in the second campaign and balances 2.169 vertices on average
--> seed  694  is selected in the first campaign and balances 2.189 vertices on average
--> seed  633  is selected in the second campaign and balances 2.169 vertices on average
--> seed  1616  is selected in the second campaign and balances 2.169 vertices on average
--> seed  1399  is selected in the first campaign and balances 2.169 vertices on average
--> seed  398  is selected in the first campaign and balances 2.159 vertices on average
--> seed  728  is selected in the second campaign and balances 2.121 vertices on average
--> seed  731  is selected in the first campaign and balances 2.122 vertices on average
total memory 17.773438
totaltime 644.894102
totaltime 644.894146
distinct users:1372 number of edges:14708
END reading graph (../data/lastfm_r_het.txt).
any possible selection does not improve the objective function
main_iterations is: 10
--> seed  42  is selected in the second campaign and balances 0 vertices on average
--> seed  64  is selected in the first campaign and balances 217.288 vertices on average
--> seed  3  is selected in the second campaign and balances 57.699 vertices on average
--> seed  112  is selected in the first campaign and balances 81.28 vertices on average
--> seed  163  is selected in the first campaign and balances 35.703 vertices on average
--> seed  81  is selected in the second campaign and balances 14.647 vertices on average
--> seed  237  is selected in the second campaign and balances 17.387 vertices on average
--> seed  537  is selected in the first campaign and balances 23.283 vertices on average
--> seed  355  is selected in the second campaign and balances 16.979 vertices on average
--> seed  712  is selected in the second campaign and balances 18.045 vertices on average
--> seed  61  is selected in the first campaign and balances 18.575 vertices on average
--> seed  324  is selected in the second campaign and balances 12.046 vertices on average
--> seed  50  is selected in the first campaign and balances 12.529 vertices on average
--> seed  5  is selected in the second campaign and balances 9.85 vertices on average
--> seed  751  is selected in the second campaign and balances 10.047 vertices on average
--> seed  290  is selected in the first campaign and balances 10.879 vertices on average
--> seed  765  is selected in the first campaign and balances 9.77 vertices on average
--> seed  439  is selected in the second campaign and balances 8.728 vertices on average
--> seed  279  is selected in the first campaign and balances 8.896 vertices on average
--> seed  23  is selected in the second campaign and balances 7.493 vertices on average
--> seed  612  is selected in the first campaign and balances 8.286 vertices on average
--> seed  484  is selected in the second campaign and balances 6.659 vertices on average
--> seed  530  is selected in the second campaign and balances 6.971 vertices on average
--> seed  539  is selected in the first campaign and balances 6.991 vertices on average
--> seed  393  is selected in the second campaign and balances 6.427 vertices on average
--> seed  224  is selected in the first campaign and balances 6.79 vertices on average
--> seed  404  is selected in the second campaign and balances 6.121 vertices on average
--> seed  206  is selected in the first campaign and balances 6.285 vertices on average
--> seed  614  is selected in the second campaign and balances 5.899 vertices on average
--> seed  111  is selected in the first campaign and balances 5.912 vertices on average
--> seed  767  is selected in the first campaign and balances 5.83 vertices on average
--> seed  302  is selected in the second campaign and balances 5.28 vertices on average
--> seed  564  is selected in the first campaign and balances 5.29 vertices on average
--> seed  669  is selected in the second campaign and balances 4.96 vertices on average
--> seed  620  is selected in the first campaign and balances 5.072 vertices on average
--> seed  15  is selected in the first campaign and balances 4.819 vertices on average
--> seed  298  is selected in the second campaign and balances 4.343 vertices on average
--> seed  12  is selected in the second campaign and balances 4.526 vertices on average
--> seed  227  is selected in the first campaign and balances 4.58 vertices on average
--> seed  368  is selected in the second campaign and balances 3.761 vertices on average
--> seed  266  is selected in the second campaign and balances 3.761 vertices on average
--> seed  1068  is selected in the second campaign and balances 3.761 vertices on average
--> seed  807  is selected in the first campaign and balances 3.761 vertices on average
--> seed  591  is selected in the first campaign and balances 3.691 vertices on average
--> seed  144  is selected in the second campaign and balances 3.392 vertices on average
--> seed  257  is selected in the second campaign and balances 3.424 vertices on average
--> seed  602  is selected in the first campaign and balances 3.427 vertices on average
--> seed  561  is selected in the second campaign and balances 3.246 vertices on average
--> seed  639  is selected in the first campaign and balances 3.247 vertices on average
--> seed  1008  is selected in the second campaign and balances 3.188 vertices on average
total memory 13.160156
totaltime 31.340022
--> seed  981  is selected in the first campaign and balances 3.189 vertices on average
--> seed  715  is selected in the second campaign and balances 3.071 vertices on average
--> seed  350  is selected in the first campaign and balances 3.074 vertices on average
--> seed  494  is selected in the first campaign and balances 2.993 vertices on average
--> seed  829  is selected in the second campaign and balances 2.955 vertices on average
--> seed  727  is selected in the first campaign and balances 2.955 vertices on average
--> seed  753  is selected in the second campaign and balances 2.894 vertices on average
--> seed  622  is selected in the first campaign and balances 3.38 vertices on average
--> seed  93  is selected in the second campaign and balances 2.91 vertices on average
--> seed  251  is selected in the first campaign and balances 2.911 vertices on average
--> seed  729  is selected in the first campaign and balances 2.876 vertices on average
--> seed  690  is selected in the second campaign and balances 2.585 vertices on average
--> seed  245  is selected in the first campaign and balances 3.013 vertices on average
--> seed  1067  is selected in the second campaign and balances 2.552 vertices on average
--> seed  524  is selected in the second campaign and balances 2.553 vertices on average
--> seed  382  is selected in the first campaign and balances 2.745 vertices on average
--> seed  1153  is selected in the second campaign and balances 2.554 vertices on average
--> seed  601  is selected in the first campaign and balances 3.046 vertices on average
--> seed  1197  is selected in the first campaign and balances 2.554 vertices on average
--> seed  1120  is selected in the second campaign and balances 2.507 vertices on average
--> seed  269  is selected in the second campaign and balances 2.507 vertices on average
--> seed  45  is selected in the first campaign and balances 2.509 vertices on average
--> seed  213  is selected in the second campaign and balances 2.336 vertices on average
--> seed  609  is selected in the first campaign and balances 2.432 vertices on average
--> seed  786  is selected in the second campaign and balances 2.291 vertices on average
--> seed  437  is selected in the second campaign and balances 2.291 vertices on average
--> seed  1268  is selected in the second campaign and balances 2.296 vertices on average
--> seed  1044  is selected in the first campaign and balances 2.296 vertices on average
--> seed  619  is selected in the first campaign and balances 2.279 vertices on average
--> seed  642  is selected in the first campaign and balances 2.211 vertices on average
--> seed  884  is selected in the second campaign and balances 2.123 vertices on average
--> seed  441  is selected in the first campaign and balances 2.131 vertices on average
--> seed  541  is selected in the second campaign and balances 2.057 vertices on average
--> seed  897  is selected in the second campaign and balances 2.242 vertices on average
--> seed  400  is selected in the first campaign and balances 2.243 vertices on average
--> seed  273  is selected in the second campaign and balances 2.014 vertices on average
--> seed  63  is selected in the first campaign and balances 2.018 vertices on average
--> seed  902  is selected in the second campaign and balances 1.875 vertices on average
--> seed  1134  is selected in the second campaign and balances 1.875 vertices on average
--> seed  657  is selected in the second campaign and balances 1.875 vertices on average
--> seed  1272  is selected in the second campaign and balances 1.877 vertices on average
--> seed  142  is selected in the second campaign and balances 1.877 vertices on average
--> seed  1026  is selected in the second campaign and balances 1.878 vertices on average
--> seed  528  is selected in the first campaign and balances 1.878 vertices on average
--> seed  1194  is selected in the first campaign and balances 1.873 vertices on average
--> seed  498  is selected in the second campaign and balances 1.835 vertices on average
--> seed  679  is selected in the first campaign and balances 2.012 vertices on average
--> seed  423  is selected in the second campaign and balances 1.807 vertices on average
--> seed  915  is selected in the first campaign and balances 1.856 vertices on average
--> seed  226  is selected in the second campaign and balances 1.746 vertices on average
total memory 13.160156
totaltime 53.239851
--> seed  1195  is selected in the first campaign and balances 1.799 vertices on average
--> seed  960  is selected in the second campaign and balances 1.746 vertices on average
--> seed  92  is selected in the first campaign and balances 1.746 vertices on average
--> seed  898  is selected in the second campaign and balances 1.706 vertices on average
--> seed  652  is selected in the first campaign and balances 1.706 vertices on average
--> seed  1029  is selected in the second campaign and balances 1.662 vertices on average
--> seed  927  is selected in the second campaign and balances 1.662 vertices on average
--> seed  577  is selected in the first campaign and balances 1.662 vertices on average
--> seed  489  is selected in the second campaign and balances 1.638 vertices on average
--> seed  1050  is selected in the second campaign and balances 1.638 vertices on average
--> seed  231  is selected in the first campaign and balances 1.638 vertices on average
--> seed  1302  is selected in the first campaign and balances 1.625 vertices on average
--> seed  309  is selected in the second campaign and balances 1.566 vertices on average
--> seed  508  is selected in the second campaign and balances 1.576 vertices on average
--> seed  154  is selected in the first campaign and balances 1.769 vertices on average
--> seed  725  is selected in the first campaign and balances 1.562 vertices on average
--> seed  1175  is selected in the second campaign and balances 1.511 vertices on average
--> seed  510  is selected in the first campaign and balances 1.511 vertices on average
--> seed  139  is selected in the second campaign and balances 1.511 vertices on average
--> seed  546  is selected in the first campaign and balances 1.511 vertices on average
--> seed  387  is selected in the second campaign and balances 1.487 vertices on average
--> seed  1278  is selected in the first campaign and balances 1.487 vertices on average
--> seed  1038  is selected in the second campaign and balances 1.458 vertices on average
--> seed  1325  is selected in the second campaign and balances 1.458 vertices on average
--> seed  562  is selected in the first campaign and balances 1.601 vertices on average
--> seed  566  is selected in the second campaign and balances 1.444 vertices on average
--> seed  311  is selected in the first campaign and balances 1.768 vertices on average
--> seed  607  is selected in the second campaign and balances 1.433 vertices on average
--> seed  1077  is selected in the second campaign and balances 1.434 vertices on average
--> seed  185  is selected in the first campaign and balances 1.434 vertices on average
--> seed  316  is selected in the second campaign and balances 1.418 vertices on average
--> seed  523  is selected in the first campaign and balances 1.418 vertices on average
--> seed  438  is selected in the first campaign and balances 1.355 vertices on average
--> seed  406  is selected in the second campaign and balances 1.315 vertices on average
--> seed  392  is selected in the first campaign and balances 1.316 vertices on average
--> seed  240  is selected in the second campaign and balances 1.275 vertices on average
--> seed  675  is selected in the second campaign and balances 1.275 vertices on average
--> seed  359  is selected in the first campaign and balances 1.275 vertices on average
--> seed  552  is selected in the first campaign and balances 1.263 vertices on average
--> seed  1200  is selected in the second campaign and balances 1.19 vertices on average
--> seed  319  is selected in the second campaign and balances 1.19 vertices on average
--> seed  209  is selected in the first campaign and balances 1.269 vertices on average
--> seed  1069  is selected in the second campaign and balances 1.189 vertices on average
--> seed  205  is selected in the second campaign and balances 1.189 vertices on average
--> seed  699  is selected in the first campaign and balances 1.189 vertices on average
--> seed  1236  is selected in the second campaign and balances 1.186 vertices on average
--> seed  687  is selected in the first campaign and balances 1.186 vertices on average
--> seed  1265  is selected in the first campaign and balances 1.184 vertices on average
--> seed  1263  is selected in the second campaign and balances 1.167 vertices on average
--> seed  1306  is selected in the first campaign and balances 1.167 vertices on average
total memory 13.160156
totaltime 73.958242
--> seed  199  is selected in the first campaign and balances 1.161 vertices on average
--> seed  296  is selected in the second campaign and balances 1.11 vertices on average
--> seed  1227  is selected in the first campaign and balances 1.111 vertices on average
--> seed  1099  is selected in the second campaign and balances 1.11 vertices on average
--> seed  1190  is selected in the first campaign and balances 1.11 vertices on average
--> seed  280  is selected in the first campaign and balances 1.108 vertices on average
--> seed  1274  is selected in the second campaign and balances 1.083 vertices on average
--> seed  395  is selected in the first campaign and balances 1.197 vertices on average
--> seed  694  is selected in the first campaign and balances 1.083 vertices on average
--> seed  1228  is selected in the first campaign and balances 1.078 vertices on average
--> seed  1248  is selected in the first campaign and balances 1.073 vertices on average
--> seed  985  is selected in the second campaign and balances 1.034 vertices on average
--> seed  1245  is selected in the first campaign and balances 2.108 vertices on average
--> seed  1251  is selected in the second campaign and balances 1.034 vertices on average
--> seed  794  is selected in the second campaign and balances 1.034 vertices on average
--> seed  431  is selected in the second campaign and balances 1.034 vertices on average
--> seed  380  is selected in the second campaign and balances 1.034 vertices on average
--> seed  538  is selected in the second campaign and balances 1.034 vertices on average
--> seed  990  is selected in the second campaign and balances 1.041 vertices on average
--> seed  865  is selected in the first campaign and balances 1.33 vertices on average
--> seed  559  is selected in the first campaign and balances 1.041 vertices on average
--> seed  560  is selected in the second campaign and balances 1.033 vertices on average
--> seed  427  is selected in the first campaign and balances 1.033 vertices on average
--> seed  616  is selected in the second campaign and balances 1.003 vertices on average
--> seed  103  is selected in the second campaign and balances 1.003 vertices on average
--> seed  951  is selected in the first campaign and balances 1.342 vertices on average
--> seed  755  is selected in the second campaign and balances 1.003 vertices on average
--> seed  252  is selected in the first campaign and balances 1.004 vertices on average
--> seed  256  is selected in the second campaign and balances 1.003 vertices on average
--> seed  542  is selected in the first campaign and balances 1.003 vertices on average
--> seed  1226  is selected in the first campaign and balances 1 vertices on average
--> seed  1124  is selected in the first campaign and balances 0.998 vertices on average
--> seed  633  is selected in the first campaign and balances 0.997 vertices on average
--> seed  20  is selected in the second campaign and balances 0.987 vertices on average
--> seed  1258  is selected in the first campaign and balances 0.987 vertices on average
--> seed  1149  is selected in the second campaign and balances 0.974 vertices on average
--> seed  861  is selected in the first campaign and balances 0.974 vertices on average
--> seed  731  is selected in the second campaign and balances 0.973 vertices on average
--> seed  572  is selected in the first campaign and balances 0.973 vertices on average
--> seed  1293  is selected in the second campaign and balances 0.965 vertices on average
--> seed  2  is selected in the first campaign and balances 1.155 vertices on average
--> seed  1057  is selected in the second campaign and balances 0.965 vertices on average
--> seed  850  is selected in the second campaign and balances 0.965 vertices on average
--> seed  1301  is selected in the first campaign and balances 0.965 vertices on average
--> seed  1244  is selected in the first campaign and balances 0.963 vertices on average
--> seed  1002  is selected in the first campaign and balances 0.957 vertices on average
--> seed  1181  is selected in the first campaign and balances 0.954 vertices on average
--> seed  762  is selected in the second campaign and balances 0.936 vertices on average
--> seed  532  is selected in the first campaign and balances 1.04 vertices on average
--> seed  1214  is selected in the first campaign and balances 0.936 vertices on average
total memory 13.160156
totaltime 94.046341
totaltime 94.046386
